<?xml version="1.0" encoding="UTF-8"?>
<!-- Generated by org.testng.reporters.JUnitReportReporter -->
<testsuite skipped="0" hostname="WIN-KHSJH9OG5KJ" name="com.facebook.tests.TestCases" tests="1" failures="0" timestamp="02 июл 2017 18:37:27 GMT" time="32.131" errors="0">
  <testcase name="test_Facebook" time="32.131" classname="com.facebook.tests.TestCases"/>
</testsuite> <!-- com.facebook.tests.TestCases -->
